<?xml version="1.0" encoding="utf-8"?><testsuites name="pytest tests"><testsuite name="pytest" errors="0" failures="0" skipped="0" tests="10" time="0.955" timestamp="2026-01-11T17:32:27.235260+00:00" hostname="agent-env-54fd655a-2433-4fa6-bd0f-9f443ae9266d"><testcase classname="tests.test_ui_updates_iter8.TestLoginAndAuth" name="test_demo_login_success" time="0.056" /><testcase classname="tests.test_ui_updates_iter8.TestLoginAndAuth" name="test_admin_login_success" time="0.074" /><testcase classname="tests.test_ui_updates_iter8.TestNewVendorProducts" name="test_donaldson_products_search" time="0.109" /><testcase classname="tests.test_ui_updates_iter8.TestNewVendorProducts" name="test_avantor_products_search" time="0.083" /><testcase classname="tests.test_ui_updates_iter8.TestNewVendorProducts" name="test_markem_products_search" time="0.078" /><testcase classname="tests.test_ui_updates_iter8.TestNewVendorProducts" name="test_new_categories_exist" time="0.117" /><testcase classname="tests.test_ui_updates_iter8.TestNewVendorProducts" name="test_new_brands_exist" time="0.074" /><testcase classname="tests.test_ui_updates_iter8.TestCartFunctionality" name="test_add_to_cart" time="0.152" /><testcase classname="tests.test_ui_updates_iter8.TestCartFunctionality" name="test_get_cart" time="0.071" /><testcase classname="tests.test_ui_updates_iter8.TestRFQSubmission" name="test_submit_rfq" time="0.071" /></testsuite></testsuites>