<?xml version="1.0" encoding="utf-8"?><testsuites name="pytest tests"><testsuite name="pytest" errors="0" failures="6" skipped="0" tests="11" time="3.335" timestamp="2026-01-28T14:06:24.710060+00:00" hostname="agent-env-57c12c5c-5bc4-4913-a6fd-d42b80ed9e17"><testcase classname="backend.tests.test_infoshop_catalog_features.TestPublicStatsEndpoint" name="test_public_stats_no_auth_required" time="0.825" /><testcase classname="backend.tests.test_infoshop_catalog_features.TestPublicStatsEndpoint" name="test_public_stats_response_structure" time="0.537" /><testcase classname="backend.tests.test_infoshop_catalog_features.TestPublicStatsEndpoint" name="test_public_stats_contains_facet_counts" time="0.501" /><testcase classname="backend.tests.test_infoshop_catalog_features.TestPublicStatsEndpoint" name="test_public_stats_vs_authenticated_stats" time="1.015" /><testcase classname="backend.tests.test_infoshop_catalog_features.TestSearchEndpointFields" name="test_search_returns_part_number_field" time="0.044"><failure message="AssertionError: Search failed with status 405&#10;assert 405 == 200&#10; +  where 405 = &lt;Response [405]&gt;.status_code">backend/tests/test_infoshop_catalog_features.py:140: in test_search_returns_part_number_field
    assert response.status_code == 200, f"Search failed with status {response.status_code}"
E   AssertionError: Search failed with status 405
E   assert 405 == 200
E    +  where 405 = &lt;Response [405]&gt;.status_code</failure></testcase><testcase classname="backend.tests.test_infoshop_catalog_features.TestSearchEndpointFields" name="test_search_returns_oem_part_number_field" time="0.055"><failure message="assert 405 == 200&#10; +  where 405 = &lt;Response [405]&gt;.status_code">backend/tests/test_infoshop_catalog_features.py:170: in test_search_returns_oem_part_number_field
    assert response.status_code == 200
E   assert 405 == 200
E    +  where 405 = &lt;Response [405]&gt;.status_code</failure></testcase><testcase classname="backend.tests.test_infoshop_catalog_features.TestSearchEndpointFields" name="test_search_returns_primary_image_field" time="0.047"><failure message="assert 405 == 200&#10; +  where 405 = &lt;Response [405]&gt;.status_code">backend/tests/test_infoshop_catalog_features.py:200: in test_search_returns_primary_image_field
    assert response.status_code == 200
E   assert 405 == 200
E    +  where 405 = &lt;Response [405]&gt;.status_code</failure></testcase><testcase classname="backend.tests.test_infoshop_catalog_features.TestSearchEndpointFields" name="test_search_returns_has_image_field" time="0.045"><failure message="assert 405 == 200&#10; +  where 405 = &lt;Response [405]&gt;.status_code">backend/tests/test_infoshop_catalog_features.py:235: in test_search_returns_has_image_field
    assert response.status_code == 200
E   assert 405 == 200
E    +  where 405 = &lt;Response [405]&gt;.status_code</failure></testcase><testcase classname="backend.tests.test_infoshop_catalog_features.TestSearchEndpointFields" name="test_search_returns_brand_field" time="0.050"><failure message="assert 405 == 200&#10; +  where 405 = &lt;Response [405]&gt;.status_code">backend/tests/test_infoshop_catalog_features.py:268: in test_search_returns_brand_field
    assert response.status_code == 200
E   assert 405 == 200
E    +  where 405 = &lt;Response [405]&gt;.status_code</failure></testcase><testcase classname="backend.tests.test_infoshop_catalog_features.TestImageSortingBehavior" name="test_products_with_images_appear_first" time="0.051"><failure message="assert 405 == 200&#10; +  where 405 = &lt;Response [405]&gt;.status_code">backend/tests/test_infoshop_catalog_features.py:319: in test_products_with_images_appear_first
    assert response.status_code == 200
E   assert 405 == 200
E    +  where 405 = &lt;Response [405]&gt;.status_code</failure></testcase><testcase classname="backend.tests.test_infoshop_catalog_features.TestAlgoliaIndexConfiguration" name="test_algolia_config_endpoint" time="0.047" /></testsuite></testsuites>