<?xml version="1.0" encoding="utf-8"?><testsuites name="pytest tests"><testsuite name="pytest" errors="0" failures="0" skipped="0" tests="11" time="3.802" timestamp="2026-01-28T14:07:01.751261+00:00" hostname="agent-env-57c12c5c-5bc4-4913-a6fd-d42b80ed9e17"><testcase classname="backend.tests.test_infoshop_catalog_features.TestPublicStatsEndpoint" name="test_public_stats_no_auth_required" time="0.767" /><testcase classname="backend.tests.test_infoshop_catalog_features.TestPublicStatsEndpoint" name="test_public_stats_response_structure" time="0.468" /><testcase classname="backend.tests.test_infoshop_catalog_features.TestPublicStatsEndpoint" name="test_public_stats_contains_facet_counts" time="0.466" /><testcase classname="backend.tests.test_infoshop_catalog_features.TestPublicStatsEndpoint" name="test_public_stats_vs_authenticated_stats" time="0.922" /><testcase classname="backend.tests.test_infoshop_catalog_features.TestSearchEndpointFields" name="test_search_returns_part_number_field" time="0.156" /><testcase classname="backend.tests.test_infoshop_catalog_features.TestSearchEndpointFields" name="test_search_returns_oem_part_number_field" time="0.158" /><testcase classname="backend.tests.test_infoshop_catalog_features.TestSearchEndpointFields" name="test_search_returns_primary_image_field" time="0.159" /><testcase classname="backend.tests.test_infoshop_catalog_features.TestSearchEndpointFields" name="test_search_returns_has_image_field" time="0.161" /><testcase classname="backend.tests.test_infoshop_catalog_features.TestSearchEndpointFields" name="test_search_returns_brand_field" time="0.155" /><testcase classname="backend.tests.test_infoshop_catalog_features.TestImageSortingBehavior" name="test_products_with_images_appear_first" time="0.276" /><testcase classname="backend.tests.test_infoshop_catalog_features.TestAlgoliaIndexConfiguration" name="test_algolia_config_endpoint" time="0.041" /></testsuite></testsuites>