<?xml version="1.0" encoding="utf-8"?><testsuites name="pytest tests"><testsuite name="pytest" errors="0" failures="0" skipped="0" tests="17" time="0.792" timestamp="2026-01-11T10:19:06.126250+00:00" hostname="agent-env-30e7d10a-d030-47f2-95ba-dccc99fa2c34"><testcase classname="tests.test_admin_portal_features.TestStatsEndpoint" name="test_stats_returns_78_categories" time="0.051" /><testcase classname="tests.test_admin_portal_features.TestStatsEndpoint" name="test_stats_returns_511_plus_brands" time="0.075" /><testcase classname="tests.test_admin_portal_features.TestStatsEndpoint" name="test_stats_returns_all_expected_fields" time="0.073" /><testcase classname="tests.test_admin_portal_features.TestDeliveryPartnersEndpoint" name="test_delivery_partners_returns_8_partners" time="0.042" /><testcase classname="tests.test_admin_portal_features.TestDeliveryPartnersEndpoint" name="test_delivery_partners_contains_required_partners" time="0.032" /><testcase classname="tests.test_admin_portal_features.TestDeliveryPartnersEndpoint" name="test_delivery_partners_have_required_fields" time="0.037" /><testcase classname="tests.test_admin_portal_features.TestAdminLogin" name="test_admin_login_success" time="0.033" /><testcase classname="tests.test_admin_portal_features.TestAdminLogin" name="test_admin_login_invalid_credentials" time="0.074" /><testcase classname="tests.test_admin_portal_features.TestAdminLogin" name="test_admin_login_returns_username" time="0.032" /><testcase classname="tests.test_admin_portal_features.TestInfoCoinRewards" name="test_rewards_endpoint_returns_rewards" time="0.036" /><testcase classname="tests.test_admin_portal_features.TestInfoCoinRewards" name="test_rewards_have_cdn_images_not_unsplash" time="0.035" /><testcase classname="tests.test_admin_portal_features.TestInfoCoinRewards" name="test_rewards_have_required_fields" time="0.034" /><testcase classname="tests.test_admin_portal_features.TestInfoCoinRewards" name="test_rewards_include_expected_items" time="0.034" /><testcase classname="tests.test_admin_portal_features.TestAdminUploadedCatalogs" name="test_uploaded_catalogs_endpoint" time="0.033" /><testcase classname="tests.test_admin_portal_features.TestHealthAndBasicEndpoints" name="test_stats_endpoint_accessible" time="0.035" /><testcase classname="tests.test_admin_portal_features.TestHealthAndBasicEndpoints" name="test_products_categories_endpoint" time="0.031" /><testcase classname="tests.test_admin_portal_features.TestHealthAndBasicEndpoints" name="test_products_brands_endpoint" time="0.034" /></testsuite></testsuites>