<?xml version="1.0" encoding="utf-8"?><testsuites name="pytest tests"><testsuite name="pytest" errors="0" failures="0" skipped="1" tests="11" time="1.048" timestamp="2026-01-15T13:44:05.343527+00:00" hostname="agent-env-36be2e17-efbd-4bf1-9337-d9f1f2176bc3"><testcase classname="tests.test_iteration10.TestAuthentication" name="test_demo_login" time="0.104" /><testcase classname="tests.test_iteration10.TestQuotationUpload" name="test_quotation_upload_and_analysis" time="0.083" /><testcase classname="tests.test_iteration10.TestQuotationUpload" name="test_engage_tactical_buyers_endpoint" time="0.114" /><testcase classname="tests.test_iteration10.TestQuotationUpload" name="test_engage_tactical_buyers_invalid_quotation" time="0.073" /><testcase classname="tests.test_iteration10.TestQuotationUpload" name="test_engage_tactical_buyers_no_auth" time="0.074" /><testcase classname="tests.test_iteration10.TestCatalogAndCart" name="test_product_search" time="0.078" /><testcase classname="tests.test_iteration10.TestCatalogAndCart" name="test_add_to_cart" time="0.112" /><testcase classname="tests.test_iteration10.TestCatalogAndCart" name="test_get_cart" time="0.071" /><testcase classname="tests.test_iteration10.TestCatalogAndCart" name="test_punchout_systems" time="0.035" /><testcase classname="tests.test_iteration10.TestCatalogAndCart" name="test_cart_transfer" time="0.109"><skipped type="pytest.skip" message="No items in cart to transfer">/app/tests/test_iteration10.py:274: No items in cart to transfer</skipped></testcase><testcase classname="tests.test_iteration10.TestQuotationAddToCart" name="test_quotation_add_to_cart" time="0.121" /></testsuite></testsuites>