<?xml version="1.0" encoding="utf-8"?><testsuites name="pytest tests"><testsuite name="pytest" errors="0" failures="4" skipped="1" tests="11" time="0.875" timestamp="2026-01-15T13:38:51.524484+00:00" hostname="agent-env-36be2e17-efbd-4bf1-9337-d9f1f2176bc3"><testcase classname="tests.test_iteration10.TestAuthentication" name="test_demo_login" time="0.107"><failure message="AssertionError: Login not successful&#10;assert None == True&#10; +  where None = &lt;built-in method get of dict object at 0xf8932a049ec0&gt;('success')&#10; +    where &lt;built-in method get of dict object at 0xf8932a049ec0&gt; = {'country': 'USA', 'currency': {'code': 'USD', 'rate': 1.0, 'symbol': '$'}, 'email': 'demo@infosys.com', 'id': 'a26db1f5-1bcc-41a2-b65a-1d7f338c74e2', ...}.get">tests/test_iteration10.py:29: in test_demo_login
    assert data.get("success") == True, "Login not successful"
E   AssertionError: Login not successful
E   assert None == True
E    +  where None = &lt;built-in method get of dict object at 0xf8932a049ec0&gt;('success')
E    +    where &lt;built-in method get of dict object at 0xf8932a049ec0&gt; = {'country': 'USA', 'currency': {'code': 'USD', 'rate': 1.0, 'symbol': '$'}, 'email': 'demo@infosys.com', 'id': 'a26db1f5-1bcc-41a2-b65a-1d7f338c74e2', ...}.get</failure></testcase><testcase classname="tests.test_iteration10.TestQuotationUpload" name="test_quotation_upload_and_analysis" time="0.071" /><testcase classname="tests.test_iteration10.TestQuotationUpload" name="test_engage_tactical_buyers_endpoint" time="0.120" /><testcase classname="tests.test_iteration10.TestQuotationUpload" name="test_engage_tactical_buyers_invalid_quotation" time="0.073" /><testcase classname="tests.test_iteration10.TestQuotationUpload" name="test_engage_tactical_buyers_no_auth" time="0.033" /><testcase classname="tests.test_iteration10.TestCatalogAndCart" name="test_product_search" time="0.034"><failure message="AssertionError: Search failed: {&quot;detail&quot;:&quot;Not authenticated&quot;}&#10;assert 403 == 200&#10; +  where 403 = &lt;Response [403]&gt;.status_code">tests/test_iteration10.py:166: in test_product_search
    assert response.status_code == 200, f"Search failed: {response.text}"
E   AssertionError: Search failed: {"detail":"Not authenticated"}
E   assert 403 == 200
E    +  where 403 = &lt;Response [403]&gt;.status_code</failure></testcase><testcase classname="tests.test_iteration10.TestCatalogAndCart" name="test_add_to_cart" time="0.032"><failure message="assert 403 == 200&#10; +  where 403 = &lt;Response [403]&gt;.status_code">tests/test_iteration10.py:185: in test_add_to_cart
    assert search_response.status_code == 200
E   assert 403 == 200
E    +  where 403 = &lt;Response [403]&gt;.status_code</failure></testcase><testcase classname="tests.test_iteration10.TestCatalogAndCart" name="test_get_cart" time="0.036"><failure message="AssertionError: Get cart failed: {&quot;detail&quot;:&quot;Not authenticated&quot;}&#10;assert 403 == 200&#10; +  where 403 = &lt;Response [403]&gt;.status_code">tests/test_iteration10.py:219: in test_get_cart
    assert response.status_code == 200, f"Get cart failed: {response.text}"
E   AssertionError: Get cart failed: {"detail":"Not authenticated"}
E   assert 403 == 200
E    +  where 403 = &lt;Response [403]&gt;.status_code</failure></testcase><testcase classname="tests.test_iteration10.TestCatalogAndCart" name="test_punchout_systems" time="0.036" /><testcase classname="tests.test_iteration10.TestCatalogAndCart" name="test_cart_transfer" time="0.068"><skipped type="pytest.skip" message="No items in cart to transfer">/app/tests/test_iteration10.py:274: No items in cart to transfer</skipped></testcase><testcase classname="tests.test_iteration10.TestQuotationAddToCart" name="test_quotation_add_to_cart" time="0.117" /></testsuite></testsuites>