<?xml version="1.0" encoding="utf-8"?><testsuites name="pytest tests"><testsuite name="pytest" errors="0" failures="0" skipped="0" tests="12" time="112.623" timestamp="2026-01-11T16:58:36.527404+00:00" hostname="agent-env-30e7d10a-d030-47f2-95ba-dccc99fa2c34"><testcase classname="tests.test_translation_api.TestProductTranslation" name="test_products_search_english_default" time="0.096" /><testcase classname="tests.test_translation_api.TestProductTranslation" name="test_products_search_french_translation" time="12.862" /><testcase classname="tests.test_translation_api.TestProductTranslation" name="test_products_search_german_translation" time="14.419" /><testcase classname="tests.test_translation_api.TestProductTranslation" name="test_products_search_italian_translation" time="13.772" /><testcase classname="tests.test_translation_api.TestProductTranslation" name="test_products_search_dutch_translation" time="22.709" /><testcase classname="tests.test_translation_api.TestServiceTranslation" name="test_services_search_english_default" time="0.058" /><testcase classname="tests.test_translation_api.TestServiceTranslation" name="test_services_search_french_translation" time="6.598" /><testcase classname="tests.test_translation_api.TestServiceTranslation" name="test_services_search_german_translation" time="23.864" /><testcase classname="tests.test_translation_api.TestTranslationCaching" name="test_translation_caching_performance" time="14.990" /><testcase classname="tests.test_translation_api.TestProductImagesCDN" name="test_product_images_use_cdn" time="0.053" /><testcase classname="tests.test_translation_api.TestProductSpecifications" name="test_product_has_specifications_in_description" time="0.043" /><testcase classname="tests.test_translation_api.TestTranslationCompare" name="test_french_translation_differs_from_english" time="3.081" /></testsuite></testsuites>