<?xml version="1.0" encoding="utf-8"?><testsuites name="pytest tests"><testsuite name="pytest" errors="0" failures="0" skipped="0" tests="15" time="2.491" timestamp="2026-02-01T08:40:07.344738+00:00" hostname="agent-env-ff35c3b2-6c6b-4420-a442-9e48cd2b8223"><testcase classname="backend.tests.test_infoshop_catalog_iter27.TestHealthAndBasicAPIs" name="test_health_endpoint" time="0.100" /><testcase classname="backend.tests.test_infoshop_catalog_iter27.TestHealthAndBasicAPIs" name="test_algolia_config" time="0.039" /><testcase classname="backend.tests.test_infoshop_catalog_iter27.TestPartnersAPI" name="test_get_partners" time="0.035" /><testcase classname="backend.tests.test_infoshop_catalog_iter27.TestCatalogPublicStats" name="test_public_stats" time="0.732" /><testcase classname="backend.tests.test_infoshop_catalog_iter27.TestCatalogSearch" name="test_search_all_products" time="0.362" /><testcase classname="backend.tests.test_infoshop_catalog_iter27.TestCatalogSearch" name="test_search_bearing" time="0.142" /><testcase classname="backend.tests.test_infoshop_catalog_iter27.TestCatalogSearch" name="test_search_with_partner_filter_grainger" time="0.150" /><testcase classname="backend.tests.test_infoshop_catalog_iter27.TestCatalogSearch" name="test_search_with_partner_filter_motion" time="0.146" /><testcase classname="backend.tests.test_infoshop_catalog_iter27.TestProductPricingFields" name="test_products_have_danone_pricing" time="0.264" /><testcase classname="backend.tests.test_infoshop_catalog_iter27.TestProductPricingFields" name="test_savings_percentage_range" time="0.147" /><testcase classname="backend.tests.test_infoshop_catalog_iter27.TestInfoShopPartNumbers" name="test_products_have_infoshop_part_numbers" time="0.148" /><testcase classname="backend.tests.test_infoshop_catalog_iter27.TestInfoShopPartNumbers" name="test_part_number_generation_api" time="0.033" /><testcase classname="backend.tests.test_infoshop_catalog_iter27.TestDeliveryDateAPI" name="test_minimum_delivery_date" time="0.034" /><testcase classname="backend.tests.test_infoshop_catalog_iter27.TestPricingCalculation" name="test_pricing_calculation" time="0.040" /><testcase classname="backend.tests.test_infoshop_catalog_iter27.TestUNSPSCClassification" name="test_unspsc_classification" time="0.039" /></testsuite></testsuites>