<?xml version="1.0" encoding="utf-8"?><testsuites name="pytest tests"><testsuite name="pytest" errors="0" failures="0" skipped="0" tests="11" time="0.723" timestamp="2026-01-11T18:27:10.998150+00:00" hostname="agent-env-54fd655a-2433-4fa6-bd0f-9f443ae9266d"><testcase classname="tests.test_iteration9.TestBrandsAPI" name="test_brands_list_includes_new_vendors" time="0.060" /><testcase classname="tests.test_iteration9.TestCategoriesAPI" name="test_categories_list" time="0.033" /><testcase classname="tests.test_iteration9.TestAuthAndSearch" name="test_demo_login" time="0.040" /><testcase classname="tests.test_iteration9.TestAuthAndSearch" name="test_admin_login" time="0.037" /><testcase classname="tests.test_iteration9.TestAuthAndSearch" name="test_search_donaldson_products" time="0.078" /><testcase classname="tests.test_iteration9.TestAuthAndSearch" name="test_search_avantor_products" time="0.086" /><testcase classname="tests.test_iteration9.TestAuthAndSearch" name="test_search_markem_products" time="0.074" /><testcase classname="tests.test_iteration9.TestCartAndRFQ" name="test_get_cart" time="0.074" /><testcase classname="tests.test_iteration9.TestCartAndRFQ" name="test_add_to_cart" time="0.070" /><testcase classname="tests.test_iteration9.TestCartAndRFQ" name="test_submit_rfq" time="0.069" /><testcase classname="tests.test_iteration9.TestPunchoutSystems" name="test_get_punchout_systems" time="0.034" /></testsuite></testsuites>