<?xml version="1.0" encoding="utf-8"?><testsuites name="pytest tests"><testsuite name="pytest" errors="0" failures="0" skipped="0" tests="12" time="45.273" timestamp="2026-01-24T15:18:59.951980+00:00" hostname="agent-env-42172480-cd3a-466d-9974-364337333dd1"><testcase classname="backend.tests.test_ai_agent.TestAIAgentEndpoint" name="test_ai_agent_endpoint_exists" time="2.649" /><testcase classname="backend.tests.test_ai_agent.TestAIAgentEndpoint" name="test_catalog_search_intent_hp_laptops" time="3.298" /><testcase classname="backend.tests.test_ai_agent.TestAIAgentEndpoint" name="test_catalog_search_intent_dell_monitors" time="3.916" /><testcase classname="backend.tests.test_ai_agent.TestAIAgentEndpoint" name="test_quotation_analysis_intent" time="3.626" /><testcase classname="backend.tests.test_ai_agent.TestAIAgentEndpoint" name="test_quotation_analysis_with_benchmark_keyword" time="3.302" /><testcase classname="backend.tests.test_ai_agent.TestAIAgentEndpoint" name="test_managed_services_intent_strategic_sourcing" time="5.862" /><testcase classname="backend.tests.test_ai_agent.TestAIAgentEndpoint" name="test_managed_services_intent_rfp" time="5.479" /><testcase classname="backend.tests.test_ai_agent.TestAIAgentEndpoint" name="test_response_includes_engines_used" time="3.299" /><testcase classname="backend.tests.test_ai_agent.TestAIAgentEndpoint" name="test_response_message_not_empty" time="4.743" /><testcase classname="backend.tests.test_ai_agent.TestAIAgentEndpoint" name="test_context_preserved_in_response" time="3.791" /><testcase classname="backend.tests.test_ai_agent.TestAIAgentEndpoint" name="test_product_search_returns_valid_structure" time="5.137" /><testcase classname="backend.tests.test_ai_agent.TestAIAgentAuthentication" name="test_unauthorized_without_token" time="0.052" /></testsuite></testsuites>