<?xml version="1.0" encoding="utf-8"?><testsuites name="pytest tests"><testsuite name="pytest" errors="0" failures="0" skipped="0" tests="6" time="0.540" timestamp="2026-01-24T14:54:04.015012+00:00" hostname="agent-env-d34ab804-7d68-4035-9768-1b2d296d56f7"><testcase classname="backend.tests.test_ai_features.TestDemoAnalysisAPI" name="test_demo_analysis_endpoint_exists" time="0.099" /><testcase classname="backend.tests.test_ai_features.TestDemoAnalysisAPI" name="test_demo_analysis_has_ai_engines" time="0.075" /><testcase classname="backend.tests.test_ai_features.TestDemoAnalysisAPI" name="test_demo_analysis_has_line_items" time="0.087" /><testcase classname="backend.tests.test_ai_features.TestDemoAnalysisAPI" name="test_demo_analysis_has_potential_savings" time="0.077" /><testcase classname="backend.tests.test_ai_features.TestDemoAnalysisAPI" name="test_demo_analysis_has_supplier_info" time="0.069" /><testcase classname="backend.tests.test_ai_features.TestLandingPageContent" name="test_health_endpoint" time="0.078" /></testsuite></testsuites>