<?xml version="1.0" encoding="utf-8"?><testsuites name="pytest tests"><testsuite name="pytest" errors="0" failures="1" skipped="0" tests="7" time="18.154" timestamp="2026-01-25T05:05:05.969414+00:00" hostname="agent-env-6409b9af-5bfd-41b5-a384-59e401af9133"><testcase classname="backend.tests.test_conversation_context.TestConversationContext" name="test_initial_message_about_bearings" time="0.101" /><testcase classname="backend.tests.test_conversation_context.TestConversationContext" name="test_follow_up_about_brands" time="4.937"><failure message="AssertionError: AI should understand follow-up is about bearings&#10;assert (False or False or 'bearing' in 'i want to make sure i understand your requirement correctly.\n\nyou mentioned **&quot;what brands do you have?&quot;** - could you help me with a few details?\n\n• **what category does this fall under?** (e.g., industrial equipment, it hardware, services)\n• **do you have a specific brand or manufacturer preference?**\n• **is this a one-time purchase or recurring need?**\n• **do you already have a supplier or quotation?**\n\nthis will help me guide you to the best procurement path.' or 'product' in 'i want to make sure i understand your requirement correctly.\n\nyou mentioned **&quot;what brands do you have?&quot;** - could you help me with a few details?\n\n• **what category does this fall under?** (e.g., industrial equipment, it hardware, services)\n• **do you have a specific brand or manufacturer preference?**\n• **is this a one-time purchase or recurring need?**\n• **do you already have a supplier or quotation?**\n\nthis will help me guide you to the best procurement path.')">backend/tests/test_conversation_context.py:105: in test_follow_up_about_brands
    assert has_bearing_context or references_context or "bearing" in message or "product" in message, \
E   AssertionError: AI should understand follow-up is about bearings
E   assert (False or False or 'bearing' in 'i want to make sure i understand your requirement correctly.\n\nyou mentioned **"what brands do you have?"** - could you help me with a few details?\n\n• **what category does this fall under?** (e.g., industrial equipment, it hardware, services)\n• **do you have a specific brand or manufacturer preference?**\n• **is this a one-time purchase or recurring need?**\n• **do you already have a supplier or quotation?**\n\nthis will help me guide you to the best procurement path.' or 'product' in 'i want to make sure i understand your requirement correctly.\n\nyou mentioned **"what brands do you have?"** - could you help me with a few details?\n\n• **what category does this fall under?** (e.g., industrial equipment, it hardware, services)\n• **do you have a specific brand or manufacturer preference?**\n• **is this a one-time purchase or recurring need?**\n• **do you already have a supplier or quotation?**\n\nthis will help me guide you to the best procurement path.')</failure></testcase><testcase classname="backend.tests.test_conversation_context.TestConversationContext" name="test_context_for_cheaper_options" time="4.647" /><testcase classname="backend.tests.test_conversation_context.TestNegotiationPageSavings" name="test_quotation_has_price_benchmark" time="0.078" /><testcase classname="backend.tests.test_conversation_context.TestNegotiationPageSavings" name="test_negotiation_strategies_endpoint" time="0.073" /><testcase classname="backend.tests.test_conversation_context.TestNegotiationPageSavings" name="test_generate_negotiation_targets" time="0.074" /><testcase classname="backend.tests.test_conversation_context.TestConversationHistoryStorage" name="test_conversation_creates_history" time="8.176" /></testsuite></testsuites>