<?xml version="1.0" encoding="utf-8"?><testsuites name="pytest tests"><testsuite name="pytest" errors="0" failures="1" skipped="0" tests="11" time="0.839" timestamp="2026-01-11T18:26:53.898998+00:00" hostname="agent-env-54fd655a-2433-4fa6-bd0f-9f443ae9266d"><testcase classname="tests.test_iteration9.TestBrandsAPI" name="test_brands_list_includes_new_vendors" time="0.060" /><testcase classname="tests.test_iteration9.TestCategoriesAPI" name="test_categories_list" time="0.034" /><testcase classname="tests.test_iteration9.TestAuthAndSearch" name="test_demo_login" time="0.037"><failure message="AssertionError: assert 'user' in {'country': 'USA', 'currency': {'code': 'USD', 'rate': 1.0, 'symbol': '$'}, 'email': 'demo@infosys.com', 'id': 'a26db1f5-1bcc-41a2-b65a-1d7f338c74e2', ...}">tests/test_iteration9.py:81: in test_demo_login
    assert "user" in data
E   AssertionError: assert 'user' in {'country': 'USA', 'currency': {'code': 'USD', 'rate': 1.0, 'symbol': '$'}, 'email': 'demo@infosys.com', 'id': 'a26db1f5-1bcc-41a2-b65a-1d7f338c74e2', ...}</failure></testcase><testcase classname="tests.test_iteration9.TestAuthAndSearch" name="test_admin_login" time="0.032" /><testcase classname="tests.test_iteration9.TestAuthAndSearch" name="test_search_donaldson_products" time="0.072" /><testcase classname="tests.test_iteration9.TestAuthAndSearch" name="test_search_avantor_products" time="0.072" /><testcase classname="tests.test_iteration9.TestAuthAndSearch" name="test_search_markem_products" time="0.069" /><testcase classname="tests.test_iteration9.TestCartAndRFQ" name="test_get_cart" time="0.074" /><testcase classname="tests.test_iteration9.TestCartAndRFQ" name="test_add_to_cart" time="0.111" /><testcase classname="tests.test_iteration9.TestCartAndRFQ" name="test_submit_rfq" time="0.067" /><testcase classname="tests.test_iteration9.TestPunchoutSystems" name="test_get_punchout_systems" time="0.077" /></testsuite></testsuites>