<?xml version="1.0" encoding="utf-8"?><testsuites name="pytest tests"><testsuite name="pytest" errors="0" failures="0" skipped="0" tests="16" time="40.807" timestamp="2026-01-24T16:56:12.614933+00:00" hostname="agent-env-42172480-cd3a-466d-9974-364337333dd1"><testcase classname="backend.tests.test_ai_agent_intelligence.TestAIAgentIntelligence" name="test_blue_bike_with_red_dots_not_in_catalog" time="0.127" /><testcase classname="backend.tests.test_ai_agent_intelligence.TestAIAgentIntelligence" name="test_furniture_not_in_catalog" time="0.074" /><testcase classname="backend.tests.test_ai_agent_intelligence.TestAIAgentIntelligence" name="test_clothing_not_in_catalog" time="0.074" /><testcase classname="backend.tests.test_ai_agent_intelligence.TestAIAgentIntelligence" name="test_bicycle_not_in_catalog" time="0.068" /><testcase classname="backend.tests.test_ai_agent_intelligence.TestAIAgentIntelligence" name="test_donaldson_filters_in_catalog" time="3.181" /><testcase classname="backend.tests.test_ai_agent_intelligence.TestAIAgentIntelligence" name="test_hp_laptop_in_catalog" time="4.097" /><testcase classname="backend.tests.test_ai_agent_intelligence.TestAIAgentIntelligence" name="test_safety_equipment_in_catalog" time="4.145" /><testcase classname="backend.tests.test_ai_agent_intelligence.TestAIAgentIntelligence" name="test_complex_requirement_multiple_specialized" time="5.747" /><testcase classname="backend.tests.test_ai_agent_intelligence.TestAIAgentIntelligence" name="test_complex_requirement_long_term_contract" time="6.542" /><testcase classname="backend.tests.test_ai_agent_intelligence.TestAIAgentIntelligence" name="test_complex_requirement_bulk_volume" time="6.150" /><testcase classname="backend.tests.test_ai_agent_intelligence.TestAIAgentIntelligence" name="test_response_structure_has_required_fields" time="3.073" /><testcase classname="backend.tests.test_ai_agent_intelligence.TestAIAgentIntelligence" name="test_intelligent_guidance_structure" time="0.072" /><testcase classname="backend.tests.test_ai_agent_intelligence.TestAIAgentIntelligence" name="test_quotation_intent_detection" time="2.525" /><testcase classname="backend.tests.test_ai_agent_intelligence.TestAIAgentIntelligence" name="test_managed_services_intent_detection" time="4.802" /><testcase classname="backend.tests.test_ai_agent_intelligence.TestAIAgentEndpointHealth" name="test_api_health" time="0.042" /><testcase classname="backend.tests.test_ai_agent_intelligence.TestAIAgentEndpointHealth" name="test_ai_agent_requires_auth" time="0.033" /></testsuite></testsuites>