<?xml version="1.0" encoding="utf-8"?><testsuites name="pytest tests"><testsuite name="pytest" errors="0" failures="0" skipped="0" tests="13" time="0.940" timestamp="2026-01-28T08:07:07.078645+00:00" hostname="agent-env-87a809d4-7a33-49f7-bb27-82b4e878f132"><testcase classname="backend.tests.test_punchout_integration.TestPunchOutConfig" name="test_get_punchout_config" time="0.052" /><testcase classname="backend.tests.test_punchout_integration.TestPunchOutSetup" name="test_punchout_setup_valid_credentials" time="0.041" /><testcase classname="backend.tests.test_punchout_integration.TestPunchOutSetup" name="test_punchout_setup_invalid_credentials" time="0.039" /><testcase classname="backend.tests.test_punchout_integration.TestPunchOutSetup" name="test_punchout_setup_empty_secret" time="0.049" /><testcase classname="backend.tests.test_punchout_integration.TestPunchOutSetup" name="test_punchout_setup_invalid_xml" time="0.035" /><testcase classname="backend.tests.test_punchout_integration.TestPunchOutSession" name="test_get_session_info_valid" time="0.078" /><testcase classname="backend.tests.test_punchout_integration.TestPunchOutSession" name="test_get_session_info_invalid_token" time="0.034" /><testcase classname="backend.tests.test_punchout_integration.TestPunchOutCart" name="test_update_cart_items" time="0.077" /><testcase classname="backend.tests.test_punchout_integration.TestPunchOutCart" name="test_update_cart_invalid_session" time="0.034" /><testcase classname="backend.tests.test_punchout_integration.TestPunchOutOrder" name="test_create_order_message" time="0.108" /><testcase classname="backend.tests.test_punchout_integration.TestPunchOutOrder" name="test_create_order_empty_cart" time="0.078" /><testcase classname="backend.tests.test_punchout_integration.TestPunchOutOrder" name="test_create_order_invalid_session" time="0.038" /><testcase classname="backend.tests.test_punchout_integration.TestPunchOutEndToEnd" name="test_complete_punchout_flow" time="0.190" /></testsuite></testsuites>