<?xml version="1.0" encoding="utf-8"?><testsuites name="pytest tests"><testsuite name="pytest" errors="0" failures="1" skipped="1" tests="11" time="0.985" timestamp="2026-01-15T13:39:23.398098+00:00" hostname="agent-env-36be2e17-efbd-4bf1-9337-d9f1f2176bc3"><testcase classname="tests.test_iteration10.TestAuthentication" name="test_demo_login" time="0.099" /><testcase classname="tests.test_iteration10.TestQuotationUpload" name="test_quotation_upload_and_analysis" time="0.075" /><testcase classname="tests.test_iteration10.TestQuotationUpload" name="test_engage_tactical_buyers_endpoint" time="0.117" /><testcase classname="tests.test_iteration10.TestQuotationUpload" name="test_engage_tactical_buyers_invalid_quotation" time="0.068" /><testcase classname="tests.test_iteration10.TestQuotationUpload" name="test_engage_tactical_buyers_no_auth" time="0.039" /><testcase classname="tests.test_iteration10.TestCatalogAndCart" name="test_product_search" time="0.115" /><testcase classname="tests.test_iteration10.TestCatalogAndCart" name="test_add_to_cart" time="0.118"><failure message="AssertionError: Add to cart not successful&#10;assert None == True&#10; +  where None = &lt;built-in method get of dict object at 0xfa17f1ea9bc0&gt;('success')&#10; +    where &lt;built-in method get of dict object at 0xfa17f1ea9bc0&gt; = {'item_id': '2699ae4a-badb-4234-b837-cc33d6d1032a', 'message': 'Item added to cart'}.get">tests/test_iteration10.py:212: in test_add_to_cart
    assert data.get("success") == True, "Add to cart not successful"
E   AssertionError: Add to cart not successful
E   assert None == True
E    +  where None = &lt;built-in method get of dict object at 0xfa17f1ea9bc0&gt;('success')
E    +    where &lt;built-in method get of dict object at 0xfa17f1ea9bc0&gt; = {'item_id': '2699ae4a-badb-4234-b837-cc33d6d1032a', 'message': 'Item added to cart'}.get</failure></testcase><testcase classname="tests.test_iteration10.TestCatalogAndCart" name="test_get_cart" time="0.071" /><testcase classname="tests.test_iteration10.TestCatalogAndCart" name="test_punchout_systems" time="0.033" /><testcase classname="tests.test_iteration10.TestCatalogAndCart" name="test_cart_transfer" time="0.060"><skipped type="pytest.skip" message="No items in cart to transfer">/app/tests/test_iteration10.py:274: No items in cart to transfer</skipped></testcase><testcase classname="tests.test_iteration10.TestQuotationAddToCart" name="test_quotation_add_to_cart" time="0.100" /></testsuite></testsuites>