<?xml version="1.0" encoding="utf-8"?><testsuites name="pytest tests"><testsuite name="pytest" errors="0" failures="0" skipped="0" tests="15" time="30.836" timestamp="2026-01-25T04:17:10.215043+00:00" hostname="agent-env-6409b9af-5bfd-41b5-a384-59e401af9133"><testcase classname="backend.tests.test_negotiation_agent.TestNegotiationStrategies" name="test_get_strategies_returns_5_strategies" time="0.136" /><testcase classname="backend.tests.test_negotiation_agent.TestNegotiationStrategies" name="test_strategies_have_required_fields" time="0.117" /><testcase classname="backend.tests.test_negotiation_agent.TestNegotiationStrategies" name="test_strategies_include_all_types" time="0.107" /><testcase classname="backend.tests.test_negotiation_agent.TestNegotiationTargets" name="test_generate_targets_success" time="0.079" /><testcase classname="backend.tests.test_negotiation_agent.TestNegotiationTargets" name="test_generate_targets_returns_item_targets" time="0.078" /><testcase classname="backend.tests.test_negotiation_agent.TestNegotiationTargets" name="test_generate_targets_returns_summary" time="0.076" /><testcase classname="backend.tests.test_negotiation_agent.TestNegotiationTargets" name="test_generate_targets_invalid_quotation" time="0.085" /><testcase classname="backend.tests.test_negotiation_agent.TestNegotiationEmail" name="test_generate_email_success" time="5.412" /><testcase classname="backend.tests.test_negotiation_agent.TestNegotiationEmail" name="test_generate_email_has_required_fields" time="2.960" /><testcase classname="backend.tests.test_negotiation_agent.TestNegotiationEmail" name="test_generate_email_different_strategies" time="17.604" /><testcase classname="backend.tests.test_negotiation_agent.TestCounterOffer" name="test_counter_offer_success" time="0.132" /><testcase classname="backend.tests.test_negotiation_agent.TestCounterOffer" name="test_counter_offer_returns_recommendation" time="0.121" /><testcase classname="backend.tests.test_negotiation_agent.TestCounterOffer" name="test_counter_offer_tracks_rounds" time="0.111" /><testcase classname="backend.tests.test_negotiation_agent.TestCounterOffer" name="test_counter_offer_invalid_negotiation" time="0.116" /><testcase classname="backend.tests.test_negotiation_agent.TestNegotiationIntegration" name="test_full_negotiation_flow" time="3.576" /></testsuite></testsuites>