<?xml version="1.0" encoding="utf-8"?><testsuites name="pytest tests"><testsuite name="pytest" errors="0" failures="1" skipped="0" tests="10" time="0.864" timestamp="2026-01-11T17:31:51.531157+00:00" hostname="agent-env-54fd655a-2433-4fa6-bd0f-9f443ae9266d"><testcase classname="tests.test_ui_updates_iter8.TestLoginAndAuth" name="test_demo_login_success" time="0.064" /><testcase classname="tests.test_ui_updates_iter8.TestLoginAndAuth" name="test_admin_login_success" time="0.034"><failure message="assert 401 == 200&#10; +  where 401 = &lt;Response [401]&gt;.status_code">tests/test_ui_updates_iter8.py:37: in test_admin_login_success
    assert response.status_code == 200
E   assert 401 == 200
E    +  where 401 = &lt;Response [401]&gt;.status_code</failure></testcase><testcase classname="tests.test_ui_updates_iter8.TestNewVendorProducts" name="test_donaldson_products_search" time="0.075" /><testcase classname="tests.test_ui_updates_iter8.TestNewVendorProducts" name="test_avantor_products_search" time="0.076" /><testcase classname="tests.test_ui_updates_iter8.TestNewVendorProducts" name="test_markem_products_search" time="0.078" /><testcase classname="tests.test_ui_updates_iter8.TestNewVendorProducts" name="test_new_categories_exist" time="0.074" /><testcase classname="tests.test_ui_updates_iter8.TestNewVendorProducts" name="test_new_brands_exist" time="0.121" /><testcase classname="tests.test_ui_updates_iter8.TestCartFunctionality" name="test_add_to_cart" time="0.112" /><testcase classname="tests.test_ui_updates_iter8.TestCartFunctionality" name="test_get_cart" time="0.069" /><testcase classname="tests.test_ui_updates_iter8.TestRFQSubmission" name="test_submit_rfq" time="0.071" /></testsuite></testsuites>