<?xml version="1.0" encoding="utf-8"?><testsuites name="pytest tests"><testsuite name="pytest" errors="0" failures="0" skipped="0" tests="13" time="1.726" timestamp="2026-01-28T05:17:19.300340+00:00" hostname="agent-env-6cd43816-9a3a-4af0-b62a-bed0a681bc85"><testcase classname="tests.test_algolia_catalog.TestAlgoliaCatalogEndpoints" name="test_catalog_stats_requires_auth" time="0.051" /><testcase classname="tests.test_algolia_catalog.TestAlgoliaCatalogEndpoints" name="test_catalog_stats_with_auth" time="0.727" /><testcase classname="tests.test_algolia_catalog.TestAlgoliaCatalogEndpoints" name="test_countries_endpoint" time="0.144" /><testcase classname="tests.test_algolia_catalog.TestAlgoliaCatalogEndpoints" name="test_contracts_list_requires_admin" time="0.089" /><testcase classname="tests.test_algolia_catalog.TestAlgoliaCatalogEndpoints" name="test_contracts_list_with_admin" time="0.047" /><testcase classname="tests.test_algolia_catalog.TestAlgoliaCatalogEndpoints" name="test_contract_upload_requires_admin" time="0.249" /><testcase classname="tests.test_algolia_catalog.TestAlgoliaCatalogEndpoints" name="test_pricing_calculation_basic" time="0.038" /><testcase classname="tests.test_algolia_catalog.TestAlgoliaCatalogEndpoints" name="test_pricing_calculation_40_percent_discount" time="0.031" /><testcase classname="tests.test_algolia_catalog.TestAlgoliaCatalogEndpoints" name="test_pricing_calculation_different_suppliers" time="0.101" /><testcase classname="tests.test_algolia_catalog.TestAlgoliaCatalogEndpoints" name="test_pricing_calculation_zero_price" time="0.033" /><testcase classname="tests.test_algolia_catalog.TestAlgoliaCatalogEndpoints" name="test_catalog_upload_requires_auth" time="0.036" /><testcase classname="tests.test_algolia_catalog.TestAlgoliaCatalogEndpoints" name="test_catalog_uploads_history_requires_admin" time="0.084" /><testcase classname="tests.test_algolia_catalog.TestAlgoliaConfig" name="test_algolia_config_endpoint" time="0.033" /></testsuite></testsuites>