<?xml version="1.0" encoding="utf-8"?><testsuites name="pytest tests"><testsuite name="pytest" errors="0" failures="0" skipped="0" tests="15" time="31.460" timestamp="2026-01-24T15:31:16.987744+00:00" hostname="agent-env-42172480-cd3a-466d-9974-364337333dd1"><testcase classname="backend.tests.test_admin_catalog.TestAdminCatalogUpload" name="test_01_delivery_partners_endpoint" time="0.090" /><testcase classname="backend.tests.test_admin_catalog.TestAdminCatalogUpload" name="test_02_upload_catalog_csv" time="0.037" /><testcase classname="backend.tests.test_admin_catalog.TestAdminCatalogUpload" name="test_03_get_uploaded_catalogs_summary" time="0.045" /><testcase classname="backend.tests.test_admin_catalog.TestAdminCatalogUpload" name="test_04_invalid_partner_upload" time="0.037" /><testcase classname="backend.tests.test_admin_catalog.TestAdminCatalogUpload" name="test_05_invalid_file_type" time="0.040" /><testcase classname="backend.tests.test_admin_catalog.TestAIAgentSearchWithVendorProducts" name="test_06_search_finds_uploaded_cisco_switch_by_sku" time="4.745" /><testcase classname="backend.tests.test_admin_catalog.TestAIAgentSearchWithVendorProducts" name="test_07_search_returns_match_score" time="3.194" /><testcase classname="backend.tests.test_admin_catalog.TestAIAgentSearchWithVendorProducts" name="test_08_search_includes_source_field" time="2.912" /><testcase classname="backend.tests.test_admin_catalog.TestAIAgentSearchWithVendorProducts" name="test_09_search_finds_uploaded_lenovo_thinkpad" time="3.120" /><testcase classname="backend.tests.test_admin_catalog.TestAIAgentSearchWithVendorProducts" name="test_10_search_finds_samsung_tablet" time="2.611" /><testcase classname="backend.tests.test_admin_catalog.TestAIAgentSearchWithVendorProducts" name="test_11_search_finds_brother_printer" time="3.803" /><testcase classname="backend.tests.test_admin_catalog.TestAIAgentSearchWithVendorProducts" name="test_12_search_finds_ergotron_monitor_arm" time="4.351" /><testcase classname="backend.tests.test_admin_catalog.TestAIAgentSearchWithVendorProducts" name="test_13_search_returns_both_inmemory_and_mongodb_products" time="3.434" /><testcase classname="backend.tests.test_admin_catalog.TestAIAgentSearchWithVendorProducts" name="test_14_sku_search_has_high_priority" time="2.932" /><testcase classname="backend.tests.test_admin_catalog.TestDatabaseIndexes" name="test_15_verify_vendor_products_exist_in_mongodb" time="0.041" /></testsuite></testsuites>