<?xml version="1.0" encoding="utf-8"?><testsuites name="pytest tests"><testsuite name="pytest" errors="0" failures="0" skipped="0" tests="10" time="21.510" timestamp="2026-01-25T05:35:49.043072+00:00" hostname="agent-env-93149f04-1d72-486f-9a3b-b90230076919"><testcase classname="tests.test_ai_conversation_context.TestAIConversationContext" name="test_initial_search_returns_products" time="2.732" /><testcase classname="tests.test_ai_conversation_context.TestAIConversationContext" name="test_followup_brands_maintains_context" time="6.952" /><testcase classname="tests.test_ai_conversation_context.TestAIConversationContext" name="test_followup_cheaper_maintains_context" time="8.353" /><testcase classname="tests.test_ai_conversation_context.TestAIConversationContext" name="test_new_session_no_context" time="3.085" /><testcase classname="tests.test_ai_conversation_context.TestLoginAndAuth" name="test_demo_login" time="0.060" /><testcase classname="tests.test_ai_conversation_context.TestLoginAndAuth" name="test_admin_login" time="0.039" /><testcase classname="tests.test_ai_conversation_context.TestLoginAndAuth" name="test_invalid_login" time="0.036" /><testcase classname="tests.test_ai_conversation_context.TestCatalogSearch" name="test_search_products" time="0.077" /><testcase classname="tests.test_ai_conversation_context.TestCatalogSearch" name="test_search_services" time="0.073" /><testcase classname="tests.test_ai_conversation_context.TestHealthCheck" name="test_health_endpoint" time="0.038" /></testsuite></testsuites>