<?xml version="1.0" encoding="utf-8"?><testsuites name="pytest tests"><testsuite name="pytest" errors="0" failures="0" skipped="0" tests="24" time="2.195" timestamp="2026-01-11T08:10:29.372381+00:00" hostname="agent-env-23a5c087-838c-4c5f-a57f-c0fba712cb86"><testcase classname="tests.test_omnisupply_api.TestAuthEndpoints" name="test_login_success" time="0.073" /><testcase classname="tests.test_omnisupply_api.TestAuthEndpoints" name="test_login_missing_fields" time="0.041" /><testcase classname="tests.test_omnisupply_api.TestAuthEndpoints" name="test_get_me_with_token" time="0.073" /><testcase classname="tests.test_omnisupply_api.TestProductEndpoints" name="test_search_products" time="0.071" /><testcase classname="tests.test_omnisupply_api.TestProductEndpoints" name="test_search_products_with_category_filter" time="0.071" /><testcase classname="tests.test_omnisupply_api.TestProductEndpoints" name="test_get_categories" time="0.108" /><testcase classname="tests.test_omnisupply_api.TestProductEndpoints" name="test_get_brands" time="0.070" /><testcase classname="tests.test_omnisupply_api.TestProductEndpoints" name="test_check_inventory" time="0.110" /><testcase classname="tests.test_omnisupply_api.TestServiceEndpoints" name="test_search_services" time="0.111" /><testcase classname="tests.test_omnisupply_api.TestServiceEndpoints" name="test_get_service_categories" time="0.063" /><testcase classname="tests.test_omnisupply_api.TestCartEndpoints" name="test_get_cart" time="0.069" /><testcase classname="tests.test_omnisupply_api.TestCartEndpoints" name="test_add_to_cart" time="0.102" /><testcase classname="tests.test_omnisupply_api.TestCartEndpoints" name="test_remove_from_cart" time="0.104" /><testcase classname="tests.test_omnisupply_api.TestPunchOutEndpoints" name="test_get_punchout_systems" time="0.065" /><testcase classname="tests.test_omnisupply_api.TestPunchOutEndpoints" name="test_transfer_cart" time="0.151" /><testcase classname="tests.test_omnisupply_api.TestPunchOutEndpoints" name="test_get_transfers" time="0.067" /><testcase classname="tests.test_omnisupply_api.TestRFQEndpoints" name="test_submit_rfq" time="0.080" /><testcase classname="tests.test_omnisupply_api.TestRFQEndpoints" name="test_list_rfqs" time="0.065" /><testcase classname="tests.test_omnisupply_api.TestQuotationEndpoints" name="test_request_quotation" time="0.117" /><testcase classname="tests.test_omnisupply_api.TestQuotationEndpoints" name="test_list_quotations" time="0.137" /><testcase classname="tests.test_omnisupply_api.TestOrderEndpoints" name="test_get_order_history" time="0.067" /><testcase classname="tests.test_omnisupply_api.TestInfoCoinsEndpoints" name="test_get_balance" time="0.104" /><testcase classname="tests.test_omnisupply_api.TestInfoCoinsEndpoints" name="test_get_rewards" time="0.101" /><testcase classname="tests.test_omnisupply_api.TestStatsEndpoint" name="test_get_stats" time="0.034" /></testsuite></testsuites>