<?xml version="1.0" encoding="utf-8"?><testsuites name="pytest tests"><testsuite name="pytest" errors="0" failures="1" skipped="0" tests="34" time="1.747" timestamp="2026-02-01T07:27:44.831092+00:00" hostname="agent-env-57c12c5c-5bc4-4913-a6fd-d42b80ed9e17"><testcase classname="backend.tests.test_infoshop_enterprise_features.TestInfoShopPartners" name="test_get_partners_returns_200" time="0.082" /><testcase classname="backend.tests.test_infoshop_enterprise_features.TestInfoShopPartners" name="test_get_partners_has_active_partners" time="0.043" /><testcase classname="backend.tests.test_infoshop_enterprise_features.TestInfoShopPartners" name="test_get_partners_has_coming_soon_partners" time="0.042" /><testcase classname="backend.tests.test_infoshop_enterprise_features.TestInfoShopPartners" name="test_get_partners_has_total_coming_soon_count" time="0.040" /><testcase classname="backend.tests.test_infoshop_enterprise_features.TestInfoShopPricingCalculation" name="test_pricing_calculate_returns_200" time="0.039" /><testcase classname="backend.tests.test_infoshop_enterprise_features.TestInfoShopPricingCalculation" name="test_pricing_calculate_returns_all_fields" time="0.044" /><testcase classname="backend.tests.test_infoshop_enterprise_features.TestInfoShopPricingCalculation" name="test_pricing_sliding_margin_low_price" time="0.040" /><testcase classname="backend.tests.test_infoshop_enterprise_features.TestInfoShopPricingCalculation" name="test_pricing_sliding_margin_high_price" time="0.042" /><testcase classname="backend.tests.test_infoshop_enterprise_features.TestInfoShopPricingCalculation" name="test_pricing_with_category_discount" time="0.038" /><testcase classname="backend.tests.test_infoshop_enterprise_features.TestInfoShopPricingCalculation" name="test_pricing_formula_explanation" time="0.042" /><testcase classname="backend.tests.test_infoshop_enterprise_features.TestInfoShopDeliveryDate" name="test_minimum_date_returns_200" time="0.037" /><testcase classname="backend.tests.test_infoshop_enterprise_features.TestInfoShopDeliveryDate" name="test_minimum_date_returns_valid_date" time="0.036" /><testcase classname="backend.tests.test_infoshop_enterprise_features.TestInfoShopDeliveryDate" name="test_minimum_date_is_at_least_2_weeks_out" time="0.038" /><testcase classname="backend.tests.test_infoshop_enterprise_features.TestInfoShopDeliveryDate" name="test_minimum_date_returns_business_days_count" time="0.037" /><testcase classname="backend.tests.test_infoshop_enterprise_features.TestInfoShopDeliveryDate" name="test_minimum_date_returns_note" time="0.039" /><testcase classname="backend.tests.test_infoshop_enterprise_features.TestInfoShopPartNumberGeneration" name="test_part_number_generate_returns_200" time="0.036" /><testcase classname="backend.tests.test_infoshop_enterprise_features.TestInfoShopPartNumberGeneration" name="test_part_number_format_correct" time="0.035" /><testcase classname="backend.tests.test_infoshop_enterprise_features.TestInfoShopPartNumberGeneration" name="test_part_number_vendor_code_grainger" time="0.038" /><testcase classname="backend.tests.test_infoshop_enterprise_features.TestInfoShopPartNumberGeneration" name="test_part_number_vendor_code_motion" time="0.040" /><testcase classname="backend.tests.test_infoshop_enterprise_features.TestInfoShopPartNumberGeneration" name="test_part_number_uniqueness" time="0.178" /><testcase classname="backend.tests.test_infoshop_enterprise_features.TestInfoShopUNSPSCClassification" name="test_unspsc_classify_returns_200" time="0.041" /><testcase classname="backend.tests.test_infoshop_enterprise_features.TestInfoShopUNSPSCClassification" name="test_unspsc_classify_returns_code" time="0.036" /><testcase classname="backend.tests.test_infoshop_enterprise_features.TestInfoShopUNSPSCClassification" name="test_unspsc_classify_bearing_product" time="0.037" /><testcase classname="backend.tests.test_infoshop_enterprise_features.TestInfoShopUNSPSCClassification" name="test_unspsc_classify_safety_product" time="0.038"><failure message="AssertionError: Safety gloves should be 46181504, got 46181500&#10;assert '46181500' == '46181504'&#10;  &#10;  - 46181504&#10;  ?        ^&#10;  + 46181500&#10;  ?        ^">backend/tests/test_infoshop_enterprise_features.py:337: in test_unspsc_classify_safety_product
    assert classification["unspsc_code"] == "46181504", \
E   AssertionError: Safety gloves should be 46181504, got 46181500
E   assert '46181500' == '46181504'
E     
E     - 46181504
E     ?        ^
E     + 46181500
E     ?        ^</failure></testcase><testcase classname="backend.tests.test_infoshop_enterprise_features.TestInfoShopUNSPSCClassification" name="test_unspsc_classify_returns_confidence" time="0.036" /><testcase classname="backend.tests.test_infoshop_enterprise_features.TestInfoShopUNSPSCClassification" name="test_unspsc_classify_returns_segment_name" time="0.036" /><testcase classname="backend.tests.test_infoshop_enterprise_features.TestInfoShopCartPrepareTransfer" name="test_cart_transfer_requires_session_token" time="0.072" /><testcase classname="backend.tests.test_infoshop_enterprise_features.TestInfoShopCartPrepareTransfer" name="test_cart_transfer_validates_delivery_date" time="0.036" /><testcase classname="backend.tests.test_infoshop_enterprise_features.TestInfoShopCartPrepareTransfer" name="test_cart_transfer_validates_shipping_address" time="0.074" /><testcase classname="backend.tests.test_infoshop_enterprise_features.TestInfoShopCartPrepareTransfer" name="test_cart_transfer_validates_delivery_attention" time="0.073" /><testcase classname="backend.tests.test_infoshop_enterprise_features.TestInfoShopDeliveryValidation" name="test_delivery_validate_returns_200_for_valid_date" time="0.072" /><testcase classname="backend.tests.test_infoshop_enterprise_features.TestInfoShopDeliveryValidation" name="test_delivery_validate_rejects_past_date" time="0.032" /><testcase classname="backend.tests.test_infoshop_enterprise_features.TestInfoShopDeliveryValidation" name="test_delivery_validate_rejects_too_soon_date" time="0.039" /><testcase classname="backend.tests.test_infoshop_enterprise_features.TestInfoShopDeliveryValidation" name="test_delivery_validate_returns_minimum_date" time="0.037" /></testsuite></testsuites>