<?xml version="1.0" encoding="utf-8"?><testsuites name="pytest tests"><testsuite name="pytest" errors="0" failures="0" skipped="0" tests="18" time="1.046" timestamp="2026-01-15T17:02:58.693156+00:00" hostname="agent-env-d34ab804-7d68-4035-9768-1b2d296d56f7"><testcase classname="tests.test_admin_buying_desk.TestAdminLogin" name="test_admin_login_success" time="0.078" /><testcase classname="tests.test_admin_buying_desk.TestAdminLogin" name="test_admin_login_invalid_credentials" time="0.034" /><testcase classname="tests.test_admin_buying_desk.TestTacticalBuyingRequests" name="test_get_all_tactical_requests" time="0.042" /><testcase classname="tests.test_admin_buying_desk.TestTacticalBuyingRequests" name="test_get_tactical_requests_with_filter" time="0.041" /><testcase classname="tests.test_admin_buying_desk.TestTacticalBuyingRequests" name="test_get_specialists" time="0.034" /><testcase classname="tests.test_admin_buying_desk.TestSourcingRequests" name="test_get_all_sourcing_requests" time="0.040" /><testcase classname="tests.test_admin_buying_desk.TestSourcingRequests" name="test_get_sourcing_requests_with_urgency_filter" time="0.036" /><testcase classname="tests.test_admin_buying_desk.TestDashboardStats" name="test_get_dashboard_stats" time="0.038" /><testcase classname="tests.test_admin_buying_desk.TestTacticalRequestManagement" name="test_update_tactical_status" time="0.108" /><testcase classname="tests.test_admin_buying_desk.TestTacticalRequestManagement" name="test_update_tactical_status_invalid" time="0.071" /><testcase classname="tests.test_admin_buying_desk.TestTacticalRequestManagement" name="test_assign_specialist_to_tactical" time="0.106" /><testcase classname="tests.test_admin_buying_desk.TestTacticalRequestManagement" name="test_add_note_to_tactical" time="0.110" /><testcase classname="tests.test_admin_buying_desk.TestSourcingRequestManagement" name="test_update_sourcing_status" time="0.105" /><testcase classname="tests.test_admin_buying_desk.TestSourcingRequestManagement" name="test_assign_specialist_to_sourcing" time="0.069" /><testcase classname="tests.test_admin_buying_desk.TestSourcingRequestManagement" name="test_add_note_to_sourcing" time="0.078" /><testcase classname="tests.test_admin_buying_desk.TestFooterLinks" name="test_privacy_policy_url" time="0.000" /><testcase classname="tests.test_admin_buying_desk.TestFooterLinks" name="test_terms_of_service_url" time="0.000" /><testcase classname="tests.test_admin_buying_desk.TestFooterLinks" name="test_contact_us_url" time="0.000" /></testsuite></testsuites>