<?xml version="1.0" encoding="utf-8"?><testsuites name="pytest tests"><testsuite name="pytest" errors="0" failures="0" skipped="0" tests="9" time="6.858" timestamp="2026-01-25T04:51:36.491431+00:00" hostname="agent-env-6409b9af-5bfd-41b5-a384-59e401af9133"><testcase classname="backend.tests.test_ai_agent_flows.TestCartEndpoints" name="test_get_cart" time="0.108" /><testcase classname="backend.tests.test_ai_agent_flows.TestCartEndpoints" name="test_add_to_cart" time="0.080" /><testcase classname="backend.tests.test_ai_agent_flows.TestCartEndpoints" name="test_add_quotation_item_to_cart" time="0.081" /><testcase classname="backend.tests.test_ai_agent_flows.TestCartEndpoints" name="test_get_punchout_systems" time="0.113" /><testcase classname="backend.tests.test_ai_agent_flows.TestCartEndpoints" name="test_cart_transfer" time="0.111" /><testcase classname="backend.tests.test_ai_agent_flows.TestCartEndpoints" name="test_get_cart_transfers" time="0.076" /><testcase classname="backend.tests.test_ai_agent_flows.TestAIAgentConversation" name="test_ai_agent_product_search" time="2.627" /><testcase classname="backend.tests.test_ai_agent_flows.TestAIAgentConversation" name="test_ai_agent_managed_services" time="3.501" /><testcase classname="backend.tests.test_ai_agent_flows.TestQuotationUpload" name="test_get_existing_quotation" time="0.098" /></testsuite></testsuites>