<?xml version="1.0" encoding="utf-8"?><testsuites name="pytest tests"><testsuite name="pytest" errors="0" failures="0" skipped="0" tests="9" time="289.443" timestamp="2026-01-24T18:55:09.667601+00:00" hostname="agent-env-6409b9af-5bfd-41b5-a384-59e401af9133"><testcase classname="backend.tests.test_real_ai_quotation.TestRealAIQuotationAnalysis" name="test_login_with_demo_credentials" time="0.115" /><testcase classname="backend.tests.test_real_ai_quotation.TestRealAIQuotationAnalysis" name="test_ai_agent_endpoint_exists" time="3.553" /><testcase classname="backend.tests.test_real_ai_quotation.TestRealAIQuotationAnalysis" name="test_upload_quotation_endpoint_exists" time="0.094" /><testcase classname="backend.tests.test_real_ai_quotation.TestRealAIQuotationAnalysis" name="test_real_ai_upload_endpoint_exists" time="10.067" /><testcase classname="backend.tests.test_real_ai_quotation.TestRealAIQuotationAnalysis" name="test_supplier_name_optional_in_upload" time="170.349" /><testcase classname="backend.tests.test_real_ai_quotation.TestRealAIQuotationAnalysis" name="test_real_ai_analysis_returns_correct_structure" time="105.019" /><testcase classname="backend.tests.test_real_ai_quotation.TestFrontendIntegration" name="test_frontend_loads" time="0.063" /><testcase classname="backend.tests.test_real_ai_quotation.TestFrontendIntegration" name="test_ai_agent_page_accessible" time="0.039" /><testcase classname="backend.tests.test_real_ai_quotation.TestFrontendIntegration" name="test_upload_quotation_page_accessible" time="0.038" /></testsuite></testsuites>