<?xml version="1.0" encoding="utf-8"?><testsuites name="pytest tests"><testsuite name="pytest" errors="0" failures="2" skipped="0" tests="10" time="0.996" timestamp="2026-01-11T17:31:05.996171+00:00" hostname="agent-env-54fd655a-2433-4fa6-bd0f-9f443ae9266d"><testcase classname="tests.test_ui_updates_iter8.TestLoginAndAuth" name="test_demo_login_success" time="0.061" /><testcase classname="tests.test_ui_updates_iter8.TestLoginAndAuth" name="test_admin_login_success" time="0.038"><failure message="assert 422 == 200&#10; +  where 422 = &lt;Response [422]&gt;.status_code">tests/test_ui_updates_iter8.py:36: in test_admin_login_success
    assert response.status_code == 200
E   assert 422 == 200
E    +  where 422 = &lt;Response [422]&gt;.status_code</failure></testcase><testcase classname="tests.test_ui_updates_iter8.TestNewVendorProducts" name="test_donaldson_products_search" time="0.079" /><testcase classname="tests.test_ui_updates_iter8.TestNewVendorProducts" name="test_avantor_products_search" time="0.078" /><testcase classname="tests.test_ui_updates_iter8.TestNewVendorProducts" name="test_markem_products_search" time="0.074" /><testcase classname="tests.test_ui_updates_iter8.TestNewVendorProducts" name="test_new_categories_exist" time="0.068" /><testcase classname="tests.test_ui_updates_iter8.TestNewVendorProducts" name="test_new_brands_exist" time="0.116"><failure message="AssertionError: Donaldson color incorrect&#10;assert ({'logo': None, 'name': 'Donaldson'} and None == '#003B73')&#10; +  where None = &lt;built-in method get of dict object at 0xf9e50613c100&gt;('color')&#10; +    where &lt;built-in method get of dict object at 0xf9e50613c100&gt; = {'logo': None, 'name': 'Donaldson'}.get">tests/test_ui_updates_iter8.py:179: in test_new_brands_exist
    assert donaldson and donaldson.get("color") == "#003B73", "Donaldson color incorrect"
E   AssertionError: Donaldson color incorrect
E   assert ({'logo': None, 'name': 'Donaldson'} and None == '#003B73')
E    +  where None = &lt;built-in method get of dict object at 0xf9e50613c100&gt;('color')
E    +    where &lt;built-in method get of dict object at 0xf9e50613c100&gt; = {'logo': None, 'name': 'Donaldson'}.get</failure></testcase><testcase classname="tests.test_ui_updates_iter8.TestCartFunctionality" name="test_add_to_cart" time="0.156" /><testcase classname="tests.test_ui_updates_iter8.TestCartFunctionality" name="test_get_cart" time="0.067" /><testcase classname="tests.test_ui_updates_iter8.TestRFQSubmission" name="test_submit_rfq" time="0.083" /></testsuite></testsuites>