<?xml version="1.0" encoding="utf-8"?><testsuites name="pytest tests"><testsuite name="pytest" errors="0" failures="4" skipped="0" tests="15" time="3.787" timestamp="2026-02-01T08:39:06.327054+00:00" hostname="agent-env-ff35c3b2-6c6b-4420-a442-9e48cd2b8223"><testcase classname="backend.tests.test_infoshop_catalog_iter27.TestHealthAndBasicAPIs" name="test_health_endpoint" time="0.110" /><testcase classname="backend.tests.test_infoshop_catalog_iter27.TestHealthAndBasicAPIs" name="test_algolia_config" time="0.041" /><testcase classname="backend.tests.test_infoshop_catalog_iter27.TestPartnersAPI" name="test_get_partners" time="0.039" /><testcase classname="backend.tests.test_infoshop_catalog_iter27.TestCatalogPublicStats" name="test_public_stats" time="0.793" /><testcase classname="backend.tests.test_infoshop_catalog_iter27.TestCatalogSearch" name="test_search_all_products" time="0.395" /><testcase classname="backend.tests.test_infoshop_catalog_iter27.TestCatalogSearch" name="test_search_bearing" time="0.157" /><testcase classname="backend.tests.test_infoshop_catalog_iter27.TestCatalogSearch" name="test_search_with_partner_filter_grainger" time="0.158" /><testcase classname="backend.tests.test_infoshop_catalog_iter27.TestCatalogSearch" name="test_search_with_partner_filter_motion" time="0.158" /><testcase classname="backend.tests.test_infoshop_catalog_iter27.TestProductPricingFields" name="test_products_have_danone_pricing" time="1.332" /><testcase classname="backend.tests.test_infoshop_catalog_iter27.TestProductPricingFields" name="test_savings_percentage_range" time="0.166" /><testcase classname="backend.tests.test_infoshop_catalog_iter27.TestInfoShopPartNumbers" name="test_products_have_infoshop_part_numbers" time="0.161" /><testcase classname="backend.tests.test_infoshop_catalog_iter27.TestInfoShopPartNumbers" name="test_part_number_generation_api" time="0.035"><failure message="AssertionError: assert 'part_number' in {'format': 'INF + Vendor(2) + Category(3) + Random(5)', 'infoshop_part_number': 'INFGRBEA80259', 'success': True}">backend/tests/test_infoshop_catalog_iter27.py:246: in test_part_number_generation_api
    assert "part_number" in data
E   AssertionError: assert 'part_number' in {'format': 'INF + Vendor(2) + Category(3) + Random(5)', 'infoshop_part_number': 'INFGRBEA80259', 'success': True}</failure></testcase><testcase classname="backend.tests.test_infoshop_catalog_iter27.TestDeliveryDateAPI" name="test_minimum_delivery_date" time="0.037"><failure message="AssertionError: assert 'minimum_date' in {'business_days': 10, 'minimum_delivery_date': '2026-02-13', 'note': 'Infosys will confirm promised delivery date once secured from partners'}">backend/tests/test_infoshop_catalog_iter27.py:262: in test_minimum_delivery_date
    assert "minimum_date" in data
E   AssertionError: assert 'minimum_date' in {'business_days': 10, 'minimum_delivery_date': '2026-02-13', 'note': 'Infosys will confirm promised delivery date once secured from partners'}</failure></testcase><testcase classname="backend.tests.test_infoshop_catalog_iter27.TestPricingCalculation" name="test_pricing_calculation" time="0.044"><failure message="assert 422 == 200&#10; +  where 422 = &lt;Response [422]&gt;.status_code">backend/tests/test_infoshop_catalog_iter27.py:285: in test_pricing_calculation
    assert response.status_code == 200
E   assert 422 == 200
E    +  where 422 = &lt;Response [422]&gt;.status_code</failure></testcase><testcase classname="backend.tests.test_infoshop_catalog_iter27.TestUNSPSCClassification" name="test_unspsc_classification" time="0.039"><failure message="AssertionError: assert 'unspsc_code' in {'classification': {'confidence': 70, 'segment_name': 'Manufacturing Components and Supplies', 'source': 'ai_classified', 'unspsc_code': '31171500'}, 'success': True}">backend/tests/test_infoshop_catalog_iter27.py:316: in test_unspsc_classification
    assert "unspsc_code" in data
E   AssertionError: assert 'unspsc_code' in {'classification': {'confidence': 70, 'segment_name': 'Manufacturing Components and Supplies', 'source': 'ai_classified', 'unspsc_code': '31171500'}, 'success': True}</failure></testcase></testsuite></testsuites>