<?xml version="1.0" encoding="utf-8"?><testsuites name="pytest tests"><testsuite name="pytest" errors="0" failures="2" skipped="0" tests="10" time="21.275" timestamp="2026-01-25T05:35:11.223683+00:00" hostname="agent-env-93149f04-1d72-486f-9a3b-b90230076919"><testcase classname="tests.test_ai_conversation_context.TestAIConversationContext" name="test_initial_search_returns_products" time="2.742" /><testcase classname="tests.test_ai_conversation_context.TestAIConversationContext" name="test_followup_brands_maintains_context" time="7.878" /><testcase classname="tests.test_ai_conversation_context.TestAIConversationContext" name="test_followup_cheaper_maintains_context" time="7.373" /><testcase classname="tests.test_ai_conversation_context.TestAIConversationContext" name="test_new_session_no_context" time="2.840" /><testcase classname="tests.test_ai_conversation_context.TestLoginAndAuth" name="test_demo_login" time="0.065" /><testcase classname="tests.test_ai_conversation_context.TestLoginAndAuth" name="test_admin_login" time="0.041" /><testcase classname="tests.test_ai_conversation_context.TestLoginAndAuth" name="test_invalid_login" time="0.037" /><testcase classname="tests.test_ai_conversation_context.TestCatalogSearch" name="test_search_products" time="0.083"><failure message="AssertionError: assert 'products' in {'brands': [{'color': '#005B94', 'logo': None, 'name': 'SKF'}, {'color': '#FF0000', 'logo': None, 'name': '3M'}, {'color': '#D40000', 'logo': None, 'name': 'Henkel'}, {'color': '#E30016', 'logo': None, 'name': 'Bosch'}, {'color': '#009999', 'logo': None, 'name': 'Siemens'}, {'color': '#FF000F', 'logo': None, 'name': 'ABB'}, ...], 'categories': [{'icon': 'cog', 'name': 'Bearings &amp; Power Transmission', 'unspsc': '31170000'}, {'icon': 'lightbulb', 'name': 'Electrical &amp; Lighting', 'unspsc': '39110000'}, {'icon': 'wrench', 'name': 'Fasteners &amp; Hardware', 'unspsc': '31160000'}, {'icon': 'hammer', 'name': 'Hand Tools', 'unspsc': '27110000'}, {'icon': 'zap', 'name': 'Power Tools', 'unspsc': '27112000'}, {'icon': 'shield', 'name': 'Safety &amp; PPE', 'unspsc': '46180000'}, ...], 'limit': 20, 'page': 1, ...}">tests/test_ai_conversation_context.py:197: in test_search_products
    assert "products" in data
E   AssertionError: assert 'products' in {'brands': [{'color': '#005B94', 'logo': None, 'name': 'SKF'}, {'color': '#FF0000', 'logo': None, 'name': '3M'}, {'color': '#D40000', 'logo': None, 'name': 'Henkel'}, {'color': '#E30016', 'logo': None, 'name': 'Bosch'}, {'color': '#009999', 'logo': None, 'name': 'Siemens'}, {'color': '#FF000F', 'logo': None, 'name': 'ABB'}, ...], 'categories': [{'icon': 'cog', 'name': 'Bearings &amp; Power Transmission', 'unspsc': '31170000'}, {'icon': 'lightbulb', 'name': 'Electrical &amp; Lighting', 'unspsc': '39110000'}, {'icon': 'wrench', 'name': 'Fasteners &amp; Hardware', 'unspsc': '31160000'}, {'icon': 'hammer', 'name': 'Hand Tools', 'unspsc': '27110000'}, {'icon': 'zap', 'name': 'Power Tools', 'unspsc': '27112000'}, {'icon': 'shield', 'name': 'Safety &amp; PPE', 'unspsc': '46180000'}, ...], 'limit': 20, 'page': 1, ...}</failure></testcase><testcase classname="tests.test_ai_conversation_context.TestCatalogSearch" name="test_search_services" time="0.076"><failure message="AssertionError: assert 'services' in {'categories': [{'icon': 'briefcase', 'name': 'Corporate &amp; Business Support Services', 'unspsc': '80100000'}, {'icon': 'palette', 'name': 'Digital Marketing &amp; Creative Agency Services', 'unspsc': '82100000'}, {'icon': 'building', 'name': 'Facilities Management &amp; Workplace Services', 'unspsc': '72100000'}, {'icon': 'shield-check', 'name': 'HSE, Quality &amp; Compliance Services', 'unspsc': '77100000'}, {'icon': 'monitor', 'name': 'IT &amp; Workplace Technology Services', 'unspsc': '81110000'}, {'icon': 'truck', 'name': 'Logistics, Warehouse &amp; Supply Chain Services', 'unspsc': '78100000'}, ...], 'limit': 20, 'page': 1, 'results': [{'availability': {'available': True, 'lead_time_days': 6}, 'category': 'HSE, Quality &amp; Compliance Services', 'currency_code': 'USD', 'currency_symbol': '$', ...}], ...}">tests/test_ai_conversation_context.py:207: in test_search_services
    assert "services" in data
E   AssertionError: assert 'services' in {'categories': [{'icon': 'briefcase', 'name': 'Corporate &amp; Business Support Services', 'unspsc': '80100000'}, {'icon': 'palette', 'name': 'Digital Marketing &amp; Creative Agency Services', 'unspsc': '82100000'}, {'icon': 'building', 'name': 'Facilities Management &amp; Workplace Services', 'unspsc': '72100000'}, {'icon': 'shield-check', 'name': 'HSE, Quality &amp; Compliance Services', 'unspsc': '77100000'}, {'icon': 'monitor', 'name': 'IT &amp; Workplace Technology Services', 'unspsc': '81110000'}, {'icon': 'truck', 'name': 'Logistics, Warehouse &amp; Supply Chain Services', 'unspsc': '78100000'}, ...], 'limit': 20, 'page': 1, 'results': [{'availability': {'available': True, 'lead_time_days': 6}, 'category': 'HSE, Quality &amp; Compliance Services', 'currency_code': 'USD', 'currency_symbol': '$', ...}], ...}</failure></testcase><testcase classname="tests.test_ai_conversation_context.TestHealthCheck" name="test_health_endpoint" time="0.045" /></testsuite></testsuites>